<?xml version="1.0" encoding="utf-8"?><testsuites name="pytest tests"><testsuite name="pytest" errors="0" failures="0" skipped="0" tests="37" time="0.086" timestamp="2025-06-19T10:51:09.066906+00:00" hostname="admon"><testcase classname="test_validador_contraseñas.TestValidadorContraseñas" name="test_contraseña_valida_minima" time="0.000" /><testcase classname="test_validador_contraseñas.TestValidadorContraseñas" name="test_contraseña_valida_compleja" time="0.000" /><testcase classname="test_validador_contraseñas.TestValidadorContraseñas" name="test_contraseña_sin_mayuscula" time="0.000" /><testcase classname="test_validador_contraseñas.TestValidadorContraseñas" name="test_contraseña_sin_minuscula" time="0.000" /><testcase classname="test_validador_contraseñas.TestValidadorContraseñas" name="test_contraseña_sin_numero" time="0.000" /><testcase classname="test_validador_contraseñas.TestValidadorContraseñas" name="test_contraseña_muy_corta" time="0.000" /><testcase classname="test_validador_contraseñas.TestValidadorContraseñas" name="test_contraseña_exactamente_8_caracteres" time="0.000" /><testcase classname="test_validador_contraseñas.TestValidadorContraseñas" name="test_contraseña_vacia" time="0.000" /><testcase classname="test_validador_contraseñas.TestValidadorContraseñas" name="test_contraseña_solo_espacios" time="0.000" /><testcase classname="test_validador_contraseñas.TestValidadorContraseñas" name="test_contraseña_con_caracteres_especiales" time="0.000" /><testcase classname="test_validador_contraseñas.TestValidadorContraseñas" name="test_contraseña_con_espacios_valida" time="0.000" /><testcase classname="test_validador_contraseñas.TestValidadorContraseñas" name="test_contraseña_unicode" time="0.000" /><testcase classname="test_validador_contraseñas.TestValidadorContraseñas" name="test_contraseñas_parametrizadas[ValidPassword1-True]" time="0.000" /><testcase classname="test_validador_contraseñas.TestValidadorContraseñas" name="test_contraseñas_parametrizadas[AnotherGood2-True]" time="0.000" /><testcase classname="test_validador_contraseñas.TestValidadorContraseñas" name="test_contraseñas_parametrizadas[SuperSecure99-True]" time="0.000" /><testcase classname="test_validador_contraseñas.TestValidadorContraseñas" name="test_contraseñas_parametrizadas[invalid-False]" time="0.000" /><testcase classname="test_validador_contraseñas.TestValidadorContraseñas" name="test_contraseñas_parametrizadas[INVALID1-False]" time="0.000" /><testcase classname="test_validador_contraseñas.TestValidadorContraseñas" name="test_contraseñas_parametrizadas[Invalid-False]" time="0.000" /><testcase classname="test_validador_contraseñas.TestValidadorContraseñas" name="test_contraseñas_parametrizadas[123456789-False]" time="0.000" /><testcase classname="test_validador_contraseñas.TestValidadorContraseñas" name="test_contraseñas_parametrizadas[-False]" time="0.000" /><testcase classname="test_validador_contraseñas.TestValidadorContraseñas" name="test_contraseñas_parametrizadas[A1-False]" time="0.000" /><testcase classname="test_validador_contraseñas.TestValidadorContraseñas" name="test_contraseñas_parametrizadas[Aa1-False]" time="0.000" /><testcase classname="test_validador_contraseñas.TestValidadorContraseñas" name="test_contraseñas_parametrizadas[Aa12-False]" time="0.000" /><testcase classname="test_validador_contraseñas.TestValidadorContraseñas" name="test_contraseñas_parametrizadas[Aa123-False]" time="0.000" /><testcase classname="test_validador_contraseñas.TestValidadorContraseñas" name="test_contraseñas_parametrizadas[Aa1234-False]" time="0.000" /><testcase classname="test_validador_contraseñas.TestValidadorContraseñas" name="test_contraseñas_parametrizadas[Aa12345-False]" time="0.000" /><testcase classname="test_validador_contraseñas.TestValidadorContraseñas" name="test_contraseñas_parametrizadas[Aa123456-True]" time="0.000" /><testcase classname="test_validador_contraseñas.TestValidadorContraseñas" name="test_contraseña_muy_larga" time="0.000" /><testcase classname="test_validador_contraseñas.TestValidadorContraseñas" name="test_tipo_entrada_invalido" time="0.000" /><testcase classname="test_validador_contraseñas.TestValidadorContraseñas" name="test_multiples_mayusculas_minusculas_numeros" time="0.000" /><testcase classname="test_validador_contraseñas.TestValidadorContraseñas" name="test_contraseña_solo_mayusculas_y_numeros" time="0.000" /><testcase classname="test_validador_contraseñas.TestValidadorContraseñas" name="test_contraseña_solo_minusculas_y_numeros" time="0.000" /><testcase classname="test_validador_contraseñas.TestValidadorContraseñas" name="test_contraseña_solo_letras_mayusculas_y_minusculas" time="0.000" /><testcase classname="test_validador_contraseñas.TestCasosEspeciales" name="test_contraseña_con_salto_de_linea" time="0.000" /><testcase classname="test_validador_contraseñas.TestCasosEspeciales" name="test_contraseña_con_tabulacion" time="0.000" /><testcase classname="test_validador_contraseñas.TestCasosEspeciales" name="test_contraseña_numeros_unicode" time="0.000" /><testcase classname="test_validador_contraseñas.TestCasosEspeciales" name="test_contraseña_emojis" time="0.000" /></testsuite></testsuites>